
2021/04/26 17:27:15 cuda:0
2021/04/26 17:27:15 ####################################################################################################
2021/04/26 17:27:15 Code Started...
2021/04/26 17:28:44 sample size 16618280, train val size 13294624, train size 11632796, val size 1661828, test size 3323656
2021/04/26 17:28:58 Epoch --> 0
2021/04/26 18:34:42 Model Saved...
2021/04/26 18:34:42 Results Saved...
2021/04/26 18:34:42 defaultdict(<class 'list'>, {'train_rmse': [0.28678], 'val_rmse': [0.26161], 'test_rmse': [0.24866]})
2021/04/26 18:34:42 Epoch --> 1
2021/04/26 19:40:38 Model Saved...
2021/04/26 19:40:38 Results Saved...
2021/04/26 19:40:38 defaultdict(<class 'list'>, {'train_rmse': [0.28678, 0.2337], 'val_rmse': [0.26161, 0.2595], 'test_rmse': [0.24866, 0.2484]})
2021/04/26 19:40:38 Epoch --> 2
2021/04/26 20:46:17 Model Saved...
2021/04/26 20:46:17 Results Saved...
2021/04/26 20:46:17 defaultdict(<class 'list'>, {'train_rmse': [0.28678, 0.2337, 0.23239], 'val_rmse': [0.26161, 0.2595, 0.2579], 'test_rmse': [0.24866, 0.2484, 0.24553]})
2021/04/26 20:46:17 Epoch --> 3
2021/04/26 21:53:32 Model Saved...
2021/04/26 21:53:32 Results Saved...
2021/04/26 21:53:32 defaultdict(<class 'list'>, {'train_rmse': [0.28678, 0.2337, 0.23239, 0.2335], 'val_rmse': [0.26161, 0.2595, 0.2579, 0.26279], 'test_rmse': [0.24866, 0.2484, 0.24553, 0.24977]})
2021/04/26 21:53:32 Epoch --> 4
2021/04/26 23:00:53 Model Saved...
2021/04/26 23:00:53 Results Saved...
2021/04/26 23:00:53 defaultdict(<class 'list'>, {'train_rmse': [0.28678, 0.2337, 0.23239, 0.2335, 0.23187], 'val_rmse': [0.26161, 0.2595, 0.2579, 0.26279, 0.25736], 'test_rmse': [0.24866, 0.2484, 0.24553, 0.24977, 0.24605]})
2021/04/26 23:00:53 Epoch --> 5
2021/04/27 00:08:06 Model Saved...
2021/04/27 00:08:06 Results Saved...
2021/04/27 00:08:06 defaultdict(<class 'list'>, {'train_rmse': [0.28678, 0.2337, 0.23239, 0.2335, 0.23187, 0.23101], 'val_rmse': [0.26161, 0.2595, 0.2579, 0.26279, 0.25736, 0.25754], 'test_rmse': [0.24866, 0.2484, 0.24553, 0.24977, 0.24605, 0.24584]})
2021/04/27 00:08:06 Epoch --> 6
2021/04/27 01:15:23 Model Saved...
2021/04/27 01:15:23 Results Saved...
2021/04/27 01:15:23 defaultdict(<class 'list'>, {'train_rmse': [0.28678, 0.2337, 0.23239, 0.2335, 0.23187, 0.23101, 0.23124], 'val_rmse': [0.26161, 0.2595, 0.2579, 0.26279, 0.25736, 0.25754, 0.26016], 'test_rmse': [0.24866, 0.2484, 0.24553, 0.24977, 0.24605, 0.24584, 0.24887]})
2021/04/27 01:15:23 Epoch --> 7
2021/04/27 02:22:36 Model Saved...
2021/04/27 02:22:36 Results Saved...
2021/04/27 02:22:36 defaultdict(<class 'list'>, {'train_rmse': [0.28678, 0.2337, 0.23239, 0.2335, 0.23187, 0.23101, 0.23124, 0.23143], 'val_rmse': [0.26161, 0.2595, 0.2579, 0.26279, 0.25736, 0.25754, 0.26016, 0.2563], 'test_rmse': [0.24866, 0.2484, 0.24553, 0.24977, 0.24605, 0.24584, 0.24887, 0.24516]})
2021/04/27 02:22:36 Epoch --> 8
2021/04/27 03:29:50 Model Saved...
2021/04/27 03:29:50 Results Saved...
2021/04/27 03:29:50 defaultdict(<class 'list'>, {'train_rmse': [0.28678, 0.2337, 0.23239, 0.2335, 0.23187, 0.23101, 0.23124, 0.23143, 0.23071], 'val_rmse': [0.26161, 0.2595, 0.2579, 0.26279, 0.25736, 0.25754, 0.26016, 0.2563, 0.25665], 'test_rmse': [0.24866, 0.2484, 0.24553, 0.24977, 0.24605, 0.24584, 0.24887, 0.24516, 0.24456]})
2021/04/27 03:29:50 Epoch --> 9
2021/04/27 04:37:03 Model Saved...
2021/04/27 04:37:03 Results Saved...
2021/04/27 04:37:03 defaultdict(<class 'list'>, {'train_rmse': [0.28678, 0.2337, 0.23239, 0.2335, 0.23187, 0.23101, 0.23124, 0.23143, 0.23071, 0.22996], 'val_rmse': [0.26161, 0.2595, 0.2579, 0.26279, 0.25736, 0.25754, 0.26016, 0.2563, 0.25665, 0.25664], 'test_rmse': [0.24866, 0.2484, 0.24553, 0.24977, 0.24605, 0.24584, 0.24887, 0.24516, 0.24456, 0.24442]})
2021/04/27 04:37:03 Epoch --> 10
2021/04/27 05:44:14 Model Saved...
2021/04/27 05:44:14 Results Saved...
2021/04/27 05:44:14 defaultdict(<class 'list'>, {'train_rmse': [0.28678, 0.2337, 0.23239, 0.2335, 0.23187, 0.23101, 0.23124, 0.23143, 0.23071, 0.22996, 0.23108], 'val_rmse': [0.26161, 0.2595, 0.2579, 0.26279, 0.25736, 0.25754, 0.26016, 0.2563, 0.25665, 0.25664, 0.25616], 'test_rmse': [0.24866, 0.2484, 0.24553, 0.24977, 0.24605, 0.24584, 0.24887, 0.24516, 0.24456, 0.24442, 0.24445]})
2021/04/27 05:44:14 Epoch --> 11
2021/04/27 06:51:18 Model Saved...
2021/04/27 06:51:18 Results Saved...
2021/04/27 06:51:18 defaultdict(<class 'list'>, {'train_rmse': [0.28678, 0.2337, 0.23239, 0.2335, 0.23187, 0.23101, 0.23124, 0.23143, 0.23071, 0.22996, 0.23108, 0.2305], 'val_rmse': [0.26161, 0.2595, 0.2579, 0.26279, 0.25736, 0.25754, 0.26016, 0.2563, 0.25665, 0.25664, 0.25616, 0.2564], 'test_rmse': [0.24866, 0.2484, 0.24553, 0.24977, 0.24605, 0.24584, 0.24887, 0.24516, 0.24456, 0.24442, 0.24445, 0.24465]})
2021/04/27 06:51:18 Epoch --> 12
2021/04/27 07:58:34 Model Saved...
2021/04/27 07:58:34 Results Saved...
2021/04/27 07:58:34 defaultdict(<class 'list'>, {'train_rmse': [0.28678, 0.2337, 0.23239, 0.2335, 0.23187, 0.23101, 0.23124, 0.23143, 0.23071, 0.22996, 0.23108, 0.2305, 0.22975], 'val_rmse': [0.26161, 0.2595, 0.2579, 0.26279, 0.25736, 0.25754, 0.26016, 0.2563, 0.25665, 0.25664, 0.25616, 0.2564, 0.25782], 'test_rmse': [0.24866, 0.2484, 0.24553, 0.24977, 0.24605, 0.24584, 0.24887, 0.24516, 0.24456, 0.24442, 0.24445, 0.24465, 0.2461]})
2021/04/27 07:58:34 Epoch --> 13
2021/04/27 09:05:59 Model Saved...
2021/04/27 09:05:59 Results Saved...
2021/04/27 09:05:59 defaultdict(<class 'list'>, {'train_rmse': [0.28678, 0.2337, 0.23239, 0.2335, 0.23187, 0.23101, 0.23124, 0.23143, 0.23071, 0.22996, 0.23108, 0.2305, 0.22975, 0.22998], 'val_rmse': [0.26161, 0.2595, 0.2579, 0.26279, 0.25736, 0.25754, 0.26016, 0.2563, 0.25665, 0.25664, 0.25616, 0.2564, 0.25782, 0.25646], 'test_rmse': [0.24866, 0.2484, 0.24553, 0.24977, 0.24605, 0.24584, 0.24887, 0.24516, 0.24456, 0.24442, 0.24445, 0.24465, 0.2461, 0.24473]})
2021/04/27 09:05:59 Epoch --> 14
2021/04/27 10:13:22 Model Saved...
2021/04/27 10:13:22 Results Saved...
2021/04/27 10:13:22 defaultdict(<class 'list'>, {'train_rmse': [0.28678, 0.2337, 0.23239, 0.2335, 0.23187, 0.23101, 0.23124, 0.23143, 0.23071, 0.22996, 0.23108, 0.2305, 0.22975, 0.22998, 0.22908], 'val_rmse': [0.26161, 0.2595, 0.2579, 0.26279, 0.25736, 0.25754, 0.26016, 0.2563, 0.25665, 0.25664, 0.25616, 0.2564, 0.25782, 0.25646, 0.25633], 'test_rmse': [0.24866, 0.2484, 0.24553, 0.24977, 0.24605, 0.24584, 0.24887, 0.24516, 0.24456, 0.24442, 0.24445, 0.24465, 0.2461, 0.24473, 0.24447]})
2021/04/27 10:13:22 Epoch --> 15
2021/04/27 11:20:34 Model Saved...
2021/04/27 11:20:34 Results Saved...
2021/04/27 11:20:34 defaultdict(<class 'list'>, {'train_rmse': [0.28678, 0.2337, 0.23239, 0.2335, 0.23187, 0.23101, 0.23124, 0.23143, 0.23071, 0.22996, 0.23108, 0.2305, 0.22975, 0.22998, 0.22908, 0.28891], 'val_rmse': [0.26161, 0.2595, 0.2579, 0.26279, 0.25736, 0.25754, 0.26016, 0.2563, 0.25665, 0.25664, 0.25616, 0.2564, 0.25782, 0.25646, 0.25633, 0.27082], 'test_rmse': [0.24866, 0.2484, 0.24553, 0.24977, 0.24605, 0.24584, 0.24887, 0.24516, 0.24456, 0.24442, 0.24445, 0.24465, 0.2461, 0.24473, 0.24447, 0.25539]})
2021/04/27 11:20:34 Code Ended...
2021/04/27 11:20:34 ####################################################################################################